Info: Starting: Create HDL design files for synthesis
Info: ip-generate --project-directory=E:/SourceCode/verilog_test/Qsys/ --output-directory=E:/SourceCode/verilog_test/Qsys/DE0Qsys/synthesis/ --file-set=QUARTUS_SYNTH --report-file=sopcinfo:E:/SourceCode/verilog_test/Qsys/DE0Qsys.sopcinfo --report-file=html:E:/SourceCode/verilog_test/Qsys/DE0Qsys.html --report-file=qip:E:/SourceCode/verilog_test/Qsys/DE0Qsys/synthesis/DE0Qsys.qip --report-file=cmp:E:/SourceCode/verilog_test/Qsys/DE0Qsys.cmp --report-file=svd --system-info=DEVICE_FAMILY="Cyclone III" --system-info=DEVICE=EP3C16F484C6 --system-info=DEVICE_SPEEDGRADE=6 --component-file=E:/SourceCode/verilog_test/Qsys/DE0Qsys.qsys --language=VERILOG
Progress: Loading Qsys/DE0Qsys.qsys
Progress: Reading input file
Progress: Adding clk_50m [clock_source 13.0]
Progress: Parameterizing module clk_50m
Progress: Adding nios2cpu [altera_nios2_qsys 13.0]
Progress: Parameterizing module nios2cpu
Progress: Adding jtag_uart [altera_avalon_jtag_uart 13.0.1.99.2]
Progress: Parameterizing module jtag_uart
Progress: Adding syspll [altpll 13.0]
Progress: Parameterizing module syspll
Progress: Adding sdram_ctrl [altera_avalon_new_sdram_controller 13.0.1.99.2]
Progress: Parameterizing module sdram_ctrl
Progress: Adding led [altera_avalon_pio 13.0.1.99.2]
Progress: Parameterizing module led
Progress: Adding dma [altera_avalon_dma 13.0.1.99.2]
Progress: Parameterizing module dma
Progress: Adding APB [altera_avalon_mm_bridge 13.0]
Progress: Parameterizing module APB
Progress: Adding timer [altera_avalon_timer 13.0.1.99.2]
Progress: Parameterizing module timer
Progress: Adding button [altera_avalon_pio 13.0.1.99.2]
Progress: Parameterizing module button
Progress: Adding sw [altera_avalon_pio 13.0.1.99.2]
Progress: Parameterizing module sw
Progress: Adding hex0 [altera_avalon_pio 13.0.1.99.2]
Progress: Parameterizing module hex0
Progress: Building connections
Progress: Parameterizing connections
Progress: Validating
Progress: Done reading input file
Info: DE0Qsys: Generating DE0Qsys "DE0Qsys" for QUARTUS_SYNTH
Info: pipeline_bridge_swap_transform: After transform: 12 modules, 53 connections
Info: No custom instruction connections, skipping transform 
Info: merlin_translator_transform: After transform: 28 modules, 116 connections
Info: merlin_domain_transform: After transform: 59 modules, 312 connections
Info: merlin_router_transform: After transform: 75 modules, 375 connections
Info: merlin_traffic_limiter_transform: After transform: 77 modules, 385 connections
Info: merlin_burst_transform: After transform: 79 modules, 393 connections
Info: reset_adaptation_transform: After transform: 81 modules, 313 connections
Info: merlin_network_to_switch_transform: After transform: 111 modules, 381 connections
Info: merlin_width_transform: After transform: 113 modules, 387 connections
Info: Inserting clock-crossing logic between cmd_xbar_demux_001.src0 and cmd_xbar_mux_006.sink0
Info: Inserting clock-crossing logic between rsp_xbar_demux_006.src0 and rsp_xbar_mux_001.sink0
Info: com_altera_sopcmodel_transforms_avalon_ClockCrossingTransform: After transform: 115 modules, 397 connections
Info: limiter_update_transform: After transform: 115 modules, 399 connections
Info: merlin_mm_transform: After transform: 115 modules, 399 connections
Info: merlin_interrupt_mapper_transform: After transform: 116 modules, 402 connections
Info: nios2cpu: Starting RTL generation for module 'DE0Qsys_nios2cpu'
Info: nios2cpu:   Generation command is [exec C:/altera/13.0sp1/quartus/../ip/altera/nios2_ip/altera_nios2/eperl.exe -I C:/altera/13.0sp1/quartus/common/ip/altera/common/perl/5.8.3 -I C:/altera/13.0sp1/quartus/sopc_builder/bin/europa -I C:/altera/13.0sp1/quartus/sopc_builder/bin/perl_lib -I C:/altera/13.0sp1/quartus/sopc_builder/bin -I C:/altera/13.0sp1/quartus/../ip/altera/nios2_ip/altera_nios2/cpu_lib -I C:/altera/13.0sp1/quartus/../ip/altera/nios2_ip/altera_nios2/nios_lib -I C:/altera/13.0sp1/quartus/../ip/altera/nios2_ip/altera_nios2 -I C:/altera/13.0sp1/quartus/../ip/altera/nios2_ip/altera_nios2 -- C:/altera/13.0sp1/quartus/../ip/altera/nios2_ip/altera_nios2/generate_rtl.epl --name=DE0Qsys_nios2cpu --dir=C:/Users/ycpss/AppData/Local/Temp/alt9428_1001505736275840124.dir/0121_nios2cpu_gen/ --quartus_dir=C:/altera/13.0sp1/quartus --verilog --config=C:/Users/ycpss/AppData/Local/Temp/alt9428_1001505736275840124.dir/0121_nios2cpu_gen//DE0Qsys_nios2cpu_processor_configuration.pl  --do_build_sim=0    --bogus  ]
Info: nios2cpu: # 2023.03.12 11:13:53 (*) Starting Nios II generation
Info: nios2cpu: # 2023.03.12 11:13:53 (*)   Checking for plaintext license.
Info: nios2cpu: # 2023.03.12 11:13:54 (*)   Plaintext license found.
Info: nios2cpu: # 2023.03.12 11:13:54 (*)   Elaborating CPU configuration settings
Info: nios2cpu: # 2023.03.12 11:13:54 (*)   Creating all objects for CPU
Info: nios2cpu: # 2023.03.12 11:13:55 (*)   Generating RTL from CPU objects
Info: nios2cpu: # 2023.03.12 11:13:55 (*)   Creating plain-text RTL
Info: nios2cpu: # 2023.03.12 11:13:57 (*) Done Nios II generation
Info: nios2cpu: Done RTL generation for module 'DE0Qsys_nios2cpu'
Info: nios2cpu: "DE0Qsys" instantiated altera_nios2_qsys "nios2cpu"
Info: jtag_uart: Starting RTL generation for module 'DE0Qsys_jtag_uart'
Info: jtag_uart:   Generation command is [exec C:/altera/13.0sp1/quartus/bin/perl/bin/perl.exe -I C:/altera/13.0sp1/quartus/common/ip/altera/common/perl/5.8.3 -I C:/altera/13.0sp1/quartus/sopc_builder/bin/europa -I C:/altera/13.0sp1/quartus/sopc_builder/bin/perl_lib -I C:/altera/13.0sp1/quartus/sopc_builder/bin -I C:/altera/13.0sp1/quartus/../ip/altera/sopc_builder_ip/common -I C:/altera/13.0sp1/quartus/../ip/altera/sopc_builder_ip/altera_avalon_jtag_uart -- C:/altera/13.0sp1/quartus/../ip/altera/sopc_builder_ip/altera_avalon_jtag_uart/generate_rtl.pl --name=DE0Qsys_jtag_uart --dir=C:/Users/ycpss/AppData/Local/Temp/alt9428_1001505736275840124.dir/0122_jtag_uart_gen/ --quartus_dir=C:/altera/13.0sp1/quartus --verilog --config=C:/Users/ycpss/AppData/Local/Temp/alt9428_1001505736275840124.dir/0122_jtag_uart_gen//DE0Qsys_jtag_uart_component_configuration.pl  --do_build_sim=0  ]
Info: jtag_uart: Done RTL generation for module 'DE0Qsys_jtag_uart'
Info: jtag_uart: "DE0Qsys" instantiated altera_avalon_jtag_uart "jtag_uart"
Info: syspll: "DE0Qsys" instantiated altpll "syspll"
Info: sdram_ctrl: Starting RTL generation for module 'DE0Qsys_sdram_ctrl'
Info: sdram_ctrl:   Generation command is [exec C:/altera/13.0sp1/quartus/bin/perl/bin/perl.exe -I C:/altera/13.0sp1/quartus/common/ip/altera/common/perl/5.8.3 -I C:/altera/13.0sp1/quartus/sopc_builder/bin/europa -I C:/altera/13.0sp1/quartus/sopc_builder/bin/perl_lib -I C:/altera/13.0sp1/quartus/sopc_builder/bin -I C:/altera/13.0sp1/quartus/../ip/altera/sopc_builder_ip/common -I C:/altera/13.0sp1/quartus/../ip/altera/sopc_builder_ip/altera_avalon_new_sdram_controller -- C:/altera/13.0sp1/quartus/../ip/altera/sopc_builder_ip/altera_avalon_new_sdram_controller/generate_rtl.pl --name=DE0Qsys_sdram_ctrl --dir=C:/Users/ycpss/AppData/Local/Temp/alt9428_1001505736275840124.dir/0125_sdram_ctrl_gen/ --quartus_dir=C:/altera/13.0sp1/quartus --verilog --config=C:/Users/ycpss/AppData/Local/Temp/alt9428_1001505736275840124.dir/0125_sdram_ctrl_gen//DE0Qsys_sdram_ctrl_component_configuration.pl  --do_build_sim=0  ]
Info: sdram_ctrl: Done RTL generation for module 'DE0Qsys_sdram_ctrl'
Info: sdram_ctrl: "DE0Qsys" instantiated altera_avalon_new_sdram_controller "sdram_ctrl"
Info: led: Starting RTL generation for module 'DE0Qsys_led'
Info: led:   Generation command is [exec C:/altera/13.0sp1/quartus/bin/perl/bin/perl.exe -I C:/altera/13.0sp1/quartus/common/ip/altera/common/perl/5.8.3 -I C:/altera/13.0sp1/quartus/sopc_builder/bin/europa -I C:/altera/13.0sp1/quartus/sopc_builder/bin/perl_lib -I C:/altera/13.0sp1/quartus/sopc_builder/bin -I C:/altera/13.0sp1/quartus/../ip/altera/sopc_builder_ip/common -I C:/altera/13.0sp1/quartus/../ip/altera/sopc_builder_ip/altera_avalon_pio -- C:/altera/13.0sp1/quartus/../ip/altera/sopc_builder_ip/altera_avalon_pio/generate_rtl.pl --name=DE0Qsys_led --dir=C:/Users/ycpss/AppData/Local/Temp/alt9428_1001505736275840124.dir/0126_led_gen/ --quartus_dir=C:/altera/13.0sp1/quartus --verilog --config=C:/Users/ycpss/AppData/Local/Temp/alt9428_1001505736275840124.dir/0126_led_gen//DE0Qsys_led_component_configuration.pl  --do_build_sim=0  ]
Info: led: Done RTL generation for module 'DE0Qsys_led'
Info: led: "DE0Qsys" instantiated altera_avalon_pio "led"
Info: dma: Starting RTL generation for module 'DE0Qsys_dma'
Info: dma:   Generation command is [exec C:/altera/13.0sp1/quartus/bin/perl/bin/perl.exe -I C:/altera/13.0sp1/quartus/common/ip/altera/common/perl/5.8.3 -I C:/altera/13.0sp1/quartus/sopc_builder/bin/europa -I C:/altera/13.0sp1/quartus/sopc_builder/bin/perl_lib -I C:/altera/13.0sp1/quartus/sopc_builder/bin -I C:/altera/13.0sp1/quartus/../ip/altera/sopc_builder_ip/common -I C:/altera/13.0sp1/quartus/../ip/altera/sopc_builder_ip/altera_avalon_dma -- C:/altera/13.0sp1/quartus/../ip/altera/sopc_builder_ip/altera_avalon_dma/generate_rtl.pl --name=DE0Qsys_dma --dir=C:/Users/ycpss/AppData/Local/Temp/alt9428_1001505736275840124.dir/0127_dma_gen/ --quartus_dir=C:/altera/13.0sp1/quartus --verilog --config=C:/Users/ycpss/AppData/Local/Temp/alt9428_1001505736275840124.dir/0127_dma_gen//DE0Qsys_dma_component_configuration.pl  --do_build_sim=0  ]
Info: dma: # 2023.03.12 11:14:00 (*)   DE0Qsys_dma: allowing these transactions: word, hw, byte_access
Info: dma: Done RTL generation for module 'DE0Qsys_dma'
Info: dma: "DE0Qsys" instantiated altera_avalon_dma "dma"
Info: APB: "DE0Qsys" instantiated altera_avalon_mm_bridge "APB"
Info: timer: Starting RTL generation for module 'DE0Qsys_timer'
Info: timer:   Generation command is [exec C:/altera/13.0sp1/quartus/bin/perl/bin/perl.exe -I C:/altera/13.0sp1/quartus/common/ip/altera/common/perl/5.8.3 -I C:/altera/13.0sp1/quartus/sopc_builder/bin/europa -I C:/altera/13.0sp1/quartus/sopc_builder/bin/perl_lib -I C:/altera/13.0sp1/quartus/sopc_builder/bin -I C:/altera/13.0sp1/quartus/../ip/altera/sopc_builder_ip/common -I C:/altera/13.0sp1/quartus/../ip/altera/sopc_builder_ip/altera_avalon_timer -- C:/altera/13.0sp1/quartus/../ip/altera/sopc_builder_ip/altera_avalon_timer/generate_rtl.pl --name=DE0Qsys_timer --dir=C:/Users/ycpss/AppData/Local/Temp/alt9428_1001505736275840124.dir/0128_timer_gen/ --quartus_dir=C:/altera/13.0sp1/quartus --verilog --config=C:/Users/ycpss/AppData/Local/Temp/alt9428_1001505736275840124.dir/0128_timer_gen//DE0Qsys_timer_component_configuration.pl  --do_build_sim=0  ]
Info: timer: Done RTL generation for module 'DE0Qsys_timer'
Info: timer: "DE0Qsys" instantiated altera_avalon_timer "timer"
Info: button: Starting RTL generation for module 'DE0Qsys_button'
Info: button:   Generation command is [exec C:/altera/13.0sp1/quartus/bin/perl/bin/perl.exe -I C:/altera/13.0sp1/quartus/common/ip/altera/common/perl/5.8.3 -I C:/altera/13.0sp1/quartus/sopc_builder/bin/europa -I C:/altera/13.0sp1/quartus/sopc_builder/bin/perl_lib -I C:/altera/13.0sp1/quartus/sopc_builder/bin -I C:/altera/13.0sp1/quartus/../ip/altera/sopc_builder_ip/common -I C:/altera/13.0sp1/quartus/../ip/altera/sopc_builder_ip/altera_avalon_pio -- C:/altera/13.0sp1/quartus/../ip/altera/sopc_builder_ip/altera_avalon_pio/generate_rtl.pl --name=DE0Qsys_button --dir=C:/Users/ycpss/AppData/Local/Temp/alt9428_1001505736275840124.dir/0129_button_gen/ --quartus_dir=C:/altera/13.0sp1/quartus --verilog --config=C:/Users/ycpss/AppData/Local/Temp/alt9428_1001505736275840124.dir/0129_button_gen//DE0Qsys_button_component_configuration.pl  --do_build_sim=0  ]
Info: button: Done RTL generation for module 'DE0Qsys_button'
Info: button: "DE0Qsys" instantiated altera_avalon_pio "button"
Info: sw: Starting RTL generation for module 'DE0Qsys_sw'
Info: sw:   Generation command is [exec C:/altera/13.0sp1/quartus/bin/perl/bin/perl.exe -I C:/altera/13.0sp1/quartus/common/ip/altera/common/perl/5.8.3 -I C:/altera/13.0sp1/quartus/sopc_builder/bin/europa -I C:/altera/13.0sp1/quartus/sopc_builder/bin/perl_lib -I C:/altera/13.0sp1/quartus/sopc_builder/bin -I C:/altera/13.0sp1/quartus/../ip/altera/sopc_builder_ip/common -I C:/altera/13.0sp1/quartus/../ip/altera/sopc_builder_ip/altera_avalon_pio -- C:/altera/13.0sp1/quartus/../ip/altera/sopc_builder_ip/altera_avalon_pio/generate_rtl.pl --name=DE0Qsys_sw --dir=C:/Users/ycpss/AppData/Local/Temp/alt9428_1001505736275840124.dir/0130_sw_gen/ --quartus_dir=C:/altera/13.0sp1/quartus --verilog --config=C:/Users/ycpss/AppData/Local/Temp/alt9428_1001505736275840124.dir/0130_sw_gen//DE0Qsys_sw_component_configuration.pl  --do_build_sim=0  ]
Info: sw: Done RTL generation for module 'DE0Qsys_sw'
Info: sw: "DE0Qsys" instantiated altera_avalon_pio "sw"
Info: hex0: Starting RTL generation for module 'DE0Qsys_hex0'
Info: hex0:   Generation command is [exec C:/altera/13.0sp1/quartus/bin/perl/bin/perl.exe -I C:/altera/13.0sp1/quartus/common/ip/altera/common/perl/5.8.3 -I C:/altera/13.0sp1/quartus/sopc_builder/bin/europa -I C:/altera/13.0sp1/quartus/sopc_builder/bin/perl_lib -I C:/altera/13.0sp1/quartus/sopc_builder/bin -I C:/altera/13.0sp1/quartus/../ip/altera/sopc_builder_ip/common -I C:/altera/13.0sp1/quartus/../ip/altera/sopc_builder_ip/altera_avalon_pio -- C:/altera/13.0sp1/quartus/../ip/altera/sopc_builder_ip/altera_avalon_pio/generate_rtl.pl --name=DE0Qsys_hex0 --dir=C:/Users/ycpss/AppData/Local/Temp/alt9428_1001505736275840124.dir/0131_hex0_gen/ --quartus_dir=C:/altera/13.0sp1/quartus --verilog --config=C:/Users/ycpss/AppData/Local/Temp/alt9428_1001505736275840124.dir/0131_hex0_gen//DE0Qsys_hex0_component_configuration.pl  --do_build_sim=0  ]
Info: hex0: Done RTL generation for module 'DE0Qsys_hex0'
Info: hex0: "DE0Qsys" instantiated altera_avalon_pio "hex0"
Info: APB_m0_translator: "DE0Qsys" instantiated altera_merlin_master_translator "APB_m0_translator"
Info: jtag_uart_avalon_jtag_slave_translator: "DE0Qsys" instantiated altera_merlin_slave_translator "jtag_uart_avalon_jtag_slave_translator"
Info: APB_m0_translator_avalon_universal_master_0_agent: "DE0Qsys" instantiated altera_merlin_master_agent "APB_m0_translator_avalon_universal_master_0_agent"
Info: jtag_uart_avalon_jtag_slave_translator_avalon_universal_slave_0_agent: "DE0Qsys" instantiated altera_merlin_slave_agent "jtag_uart_avalon_jtag_slave_translator_avalon_universal_slave_0_agent"
Info: jtag_uart_avalon_jtag_slave_translator_avalon_universal_slave_0_agent_rsp_fifo: "DE0Qsys" instantiated altera_avalon_sc_fifo "jtag_uart_avalon_jtag_slave_translator_avalon_universal_slave_0_agent_rsp_fifo"
Info: addr_router: "DE0Qsys" instantiated altera_merlin_router "addr_router"
Info: id_router: "DE0Qsys" instantiated altera_merlin_router "id_router"
Info: addr_router_001: "DE0Qsys" instantiated altera_merlin_router "addr_router_001"
Info: addr_router_002: "DE0Qsys" instantiated altera_merlin_router "addr_router_002"
Info: addr_router_003: "DE0Qsys" instantiated altera_merlin_router "addr_router_003"
Info: id_router_006: "DE0Qsys" instantiated altera_merlin_router "id_router_006"
Info: id_router_007: "DE0Qsys" instantiated altera_merlin_router "id_router_007"
Info: id_router_008: "DE0Qsys" instantiated altera_merlin_router "id_router_008"
Info: id_router_010: "DE0Qsys" instantiated altera_merlin_router "id_router_010"
Info: limiter: "DE0Qsys" instantiated altera_merlin_traffic_limiter "limiter"
Info: burst_adapter: "DE0Qsys" instantiated altera_merlin_burst_adapter "burst_adapter"
Info: rst_controller: "DE0Qsys" instantiated altera_reset_controller "rst_controller"
Info: cmd_xbar_demux: "DE0Qsys" instantiated altera_merlin_demultiplexer "cmd_xbar_demux"
Info: rsp_xbar_demux: "DE0Qsys" instantiated altera_merlin_demultiplexer "rsp_xbar_demux"
Info: rsp_xbar_mux: "DE0Qsys" instantiated altera_merlin_multiplexer "rsp_xbar_mux"
Info: cmd_xbar_demux_001: "DE0Qsys" instantiated altera_merlin_demultiplexer "cmd_xbar_demux_001"
Info: cmd_xbar_demux_002: "DE0Qsys" instantiated altera_merlin_demultiplexer "cmd_xbar_demux_002"
Info: cmd_xbar_demux_003: "DE0Qsys" instantiated altera_merlin_demultiplexer "cmd_xbar_demux_003"
Info: cmd_xbar_demux_004: "DE0Qsys" instantiated altera_merlin_demultiplexer "cmd_xbar_demux_004"
Info: cmd_xbar_mux_007: "DE0Qsys" instantiated altera_merlin_multiplexer "cmd_xbar_mux_007"
Info: Reusing file E:/SourceCode/verilog_test/Qsys/DE0Qsys/synthesis/submodules/altera_merlin_arbitrator.sv
Info: cmd_xbar_mux_008: "DE0Qsys" instantiated altera_merlin_multiplexer "cmd_xbar_mux_008"
Info: Reusing file E:/SourceCode/verilog_test/Qsys/DE0Qsys/synthesis/submodules/altera_merlin_arbitrator.sv
Info: rsp_xbar_demux_006: "DE0Qsys" instantiated altera_merlin_demultiplexer "rsp_xbar_demux_006"
Info: rsp_xbar_demux_008: "DE0Qsys" instantiated altera_merlin_demultiplexer "rsp_xbar_demux_008"
Info: rsp_xbar_mux_001: "DE0Qsys" instantiated altera_merlin_multiplexer "rsp_xbar_mux_001"
Info: Reusing file E:/SourceCode/verilog_test/Qsys/DE0Qsys/synthesis/submodules/altera_merlin_arbitrator.sv
Info: rsp_xbar_mux_002: "DE0Qsys" instantiated altera_merlin_multiplexer "rsp_xbar_mux_002"
Info: Reusing file E:/SourceCode/verilog_test/Qsys/DE0Qsys/synthesis/submodules/altera_merlin_arbitrator.sv
Info: rsp_xbar_mux_003: "DE0Qsys" instantiated altera_merlin_multiplexer "rsp_xbar_mux_003"
Info: Reusing file E:/SourceCode/verilog_test/Qsys/DE0Qsys/synthesis/submodules/altera_merlin_arbitrator.sv
Info: width_adapter: "DE0Qsys" instantiated altera_merlin_width_adapter "width_adapter"
Info: Reusing file E:/SourceCode/verilog_test/Qsys/DE0Qsys/synthesis/submodules/altera_merlin_address_alignment.sv
Info: Reusing file E:/SourceCode/verilog_test/Qsys/DE0Qsys/synthesis/submodules/altera_merlin_burst_uncompressor.sv
Info: crosser: "DE0Qsys" instantiated altera_avalon_st_handshake_clock_crosser "crosser"
Info: Reusing file E:/SourceCode/verilog_test/Qsys/DE0Qsys/synthesis/submodules/altera_avalon_st_pipeline_base.v
Info: irq_mapper: "DE0Qsys" instantiated altera_irq_mapper "irq_mapper"
Info: DE0Qsys: Done DE0Qsys" with 46 modules, 144 files, 2860392 bytes
Info: ip-generate succeeded.
Info: Finished: Create HDL design files for synthesis
